Namespace(dataset='/data/guangyuh/coding_env/AIG2INV/AIG2INV_main/dataset_hwmcc2007_tip_ic3ref_no_simplification_0-22/bad_cube_cex2graph/expr_to_build_graph/', load_pickle=None, dump_pickle_name=None, model_name=None, update_adjs=False, undirected=True)
hidden dimension:  256
embedding dimension:  32
epoch:  500
learning rate:  0.001
batch size:  32
dataset split:  None
weight decay:  0
dropout:  0
Applying inital feature encode: 100%|███████████████████████████████████████████████████████████████████████████████████████████████████████████████████████████████████| 958/958 [2:03:41<00:00,  7.75s/it]
Converting to undirected graph: 100%|█████████████████████████████████████████████████████████████████████████████████████████████████████████████████████████████████████| 958/958 [00:18<00:00, 51.05it/s]
Length of val_data:  96
SAGE(
  (layers): ModuleList(
    (0): SAGEConv(
      (feat_drop): Dropout(p=0.0, inplace=False)
      (fc_neigh): Linear(in_features=22, out_features=256, bias=False)
    )
    (1): SAGEConv(
      (feat_drop): Dropout(p=0.0, inplace=False)
      (fc_neigh): Linear(in_features=256, out_features=256, bias=False)
    )
    (2): SAGEConv(
      (feat_drop): Dropout(p=0.0, inplace=False)
      (fc_neigh): Linear(in_features=256, out_features=256, bias=False)
    )
    (3): SAGEConv(
      (feat_drop): Dropout(p=0.0, inplace=False)
      (fc_neigh): Linear(in_features=256, out_features=256, bias=False)
    )
    (4): SAGEConv(
      (feat_drop): Dropout(p=0.0, inplace=False)
      (fc_neigh): Linear(in_features=256, out_features=2, bias=False)
    )
  )
  (dropout): Dropout(p=0, inplace=False)
  (relu): ReLU()
)
EPOCH: 0, TRAIN LOSS: 16.972849369049072, BEST F1: 0.4733480765988675
EPOCH: 1, TRAIN LOSS: 16.410163819789886, BEST F1: 0.5130405826058
EPOCH: 2, TRAIN LOSS: 16.27811425924301, BEST F1: 0.5130405826058
EPOCH: 3, TRAIN LOSS: 16.19834417104721, BEST F1: 0.5130405826058
EPOCH: 4, TRAIN LOSS: 16.165572345256805, BEST F1: 0.5130405826058
EPOCH: 5, TRAIN LOSS: 16.087599277496338, BEST F1: 0.5130405826058
EPOCH: 6, TRAIN LOSS: 16.054450035095215, BEST F1: 0.5130405826058
EPOCH: 7, TRAIN LOSS: 15.947604954242706, BEST F1: 0.5130405826058
EPOCH: 8, TRAIN LOSS: 15.924953758716583, BEST F1: 0.5130405826058
EPOCH: 9, TRAIN LOSS: 15.889320731163025, BEST F1: 0.5130405826058
EPOCH: 10, TRAIN LOSS: 15.84280401468277, BEST F1: 0.5130405826058
EPOCH: 11, TRAIN LOSS: 15.747146546840668, BEST F1: 0.5130405826058
EPOCH: 12, TRAIN LOSS: 15.65313595533371, BEST F1: 0.5130405826058
EPOCH: 13, TRAIN LOSS: 15.732373476028442, BEST F1: 0.5130405826058
EPOCH: 14, TRAIN LOSS: 15.548935890197754, BEST F1: 0.5130405826058
EPOCH: 15, TRAIN LOSS: 15.475335955619812, BEST F1: 0.5130405826058
EPOCH: 16, TRAIN LOSS: 15.451942443847656, BEST F1: 0.5130405826058
EPOCH: 17, TRAIN LOSS: 15.428592562675476, BEST F1: 0.5130405826058
EPOCH: 18, TRAIN LOSS: 15.34052175283432, BEST F1: 0.5130405826058
EPOCH: 19, TRAIN LOSS: 15.213220596313477, BEST F1: 0.5130405826058
EPOCH: 20, TRAIN LOSS: 15.161254703998566, BEST F1: 0.5130405826058
EPOCH: 21, TRAIN LOSS: 15.195451855659485, BEST F1: 0.5130405826058
EPOCH: 22, TRAIN LOSS: 14.923315167427063, BEST F1: 0.5130405826058
EPOCH: 23, TRAIN LOSS: 14.917831778526306, BEST F1: 0.5130405826058
EPOCH: 24, TRAIN LOSS: 14.789249241352081, BEST F1: 0.5130405826058
EPOCH: 25, TRAIN LOSS: 14.575296700000763, BEST F1: 0.5130405826058
EPOCH: 26, TRAIN LOSS: 14.594871580600739, BEST F1: 0.5130405826058
EPOCH: 27, TRAIN LOSS: 14.503551125526428, BEST F1: 0.5130405826058
EPOCH: 28, TRAIN LOSS: 14.350638329982758, BEST F1: 0.5130405826058
EPOCH: 29, TRAIN LOSS: 14.320791065692902, BEST F1: 0.5130405826058
EPOCH: 30, TRAIN LOSS: 14.067899107933044, BEST F1: 0.5130405826058
EPOCH: 31, TRAIN LOSS: 13.966655433177948, BEST F1: 0.5130405826058
EPOCH: 32, TRAIN LOSS: 13.863186657428741, BEST F1: 0.5130405826058
EPOCH: 33, TRAIN LOSS: 13.671135604381561, BEST F1: 0.5130405826058
EPOCH: 34, TRAIN LOSS: 13.512750744819641, BEST F1: 0.5130405826058
EPOCH: 35, TRAIN LOSS: 13.31973797082901, BEST F1: 0.5130405826058
EPOCH: 36, TRAIN LOSS: 13.37915387749672, BEST F1: 0.5130405826058
EPOCH: 37, TRAIN LOSS: 13.24908995628357, BEST F1: 0.5130405826058
EPOCH: 38, TRAIN LOSS: 13.113236844539642, BEST F1: 0.5130405826058
EPOCH: 39, TRAIN LOSS: 12.804399251937866, BEST F1: 0.5130405826058
EPOCH: 40, TRAIN LOSS: 12.651766121387482, BEST F1: 0.5130405826058
EPOCH: 41, TRAIN LOSS: 12.677396059036255, BEST F1: 0.5130405826058
EPOCH: 42, TRAIN LOSS: 12.380341947078705, BEST F1: 0.5130405826058
EPOCH: 43, TRAIN LOSS: 12.239055901765823, BEST F1: 0.5130405826058
EPOCH: 44, TRAIN LOSS: 12.097724467515945, BEST F1: 0.5130405826058
EPOCH: 45, TRAIN LOSS: 11.916833847761154, BEST F1: 0.5130405826058
EPOCH: 46, TRAIN LOSS: 11.61645159125328, BEST F1: 0.5130405826058
EPOCH: 47, TRAIN LOSS: 11.368067234754562, BEST F1: 0.5130405826058
EPOCH: 48, TRAIN LOSS: 11.527380108833313, BEST F1: 0.5130405826058
EPOCH: 49, TRAIN LOSS: 11.435044974088669, BEST F1: 0.5130405826058
EPOCH: 50, TRAIN LOSS: 11.11614802479744, BEST F1: 0.5130405826058
EPOCH: 51, TRAIN LOSS: 10.904228508472443, BEST F1: 0.5130405826058
EPOCH: 52, TRAIN LOSS: 10.583694338798523, BEST F1: 0.5130405826058
EPOCH: 53, TRAIN LOSS: 10.74148428440094, BEST F1: 0.5130405826058
EPOCH: 54, TRAIN LOSS: 10.310707360506058, BEST F1: 0.5130405826058
EPOCH: 55, TRAIN LOSS: 10.11508795619011, BEST F1: 0.5130405826058
EPOCH: 56, TRAIN LOSS: 10.09958952665329, BEST F1: 0.5130405826058
EPOCH: 57, TRAIN LOSS: 10.373463660478592, BEST F1: 0.5130405826058
EPOCH: 58, TRAIN LOSS: 9.537569254636765, BEST F1: 0.5130405826058
EPOCH: 59, TRAIN LOSS: 9.337815582752228, BEST F1: 0.5201708396646305
EPOCH: 60, TRAIN LOSS: 9.54550614953041, BEST F1: 0.5201708396646305
EPOCH: 61, TRAIN LOSS: 9.163956016302109, BEST F1: 0.5201708396646305
EPOCH: 62, TRAIN LOSS: 8.992241144180298, BEST F1: 0.5201708396646305
EPOCH: 63, TRAIN LOSS: 9.579196721315384, BEST F1: 0.5201708396646305
EPOCH: 64, TRAIN LOSS: 9.18287143111229, BEST F1: 0.5201708396646305
EPOCH: 65, TRAIN LOSS: 8.672807455062866, BEST F1: 0.5201708396646305
EPOCH: 66, TRAIN LOSS: 8.457937866449356, BEST F1: 0.5201708396646305
EPOCH: 67, TRAIN LOSS: 8.357828319072723, BEST F1: 0.5201708396646305
EPOCH: 68, TRAIN LOSS: 8.404879838228226, BEST F1: 0.5201708396646305
EPOCH: 69, TRAIN LOSS: 9.229673624038696, BEST F1: 0.5201708396646305
EPOCH: 70, TRAIN LOSS: 8.62332996726036, BEST F1: 0.5226341123551753
EPOCH: 71, TRAIN LOSS: 7.91100350022316, BEST F1: 0.5226341123551753
EPOCH: 72, TRAIN LOSS: 7.996321380138397, BEST F1: 0.5226341123551753
EPOCH: 73, TRAIN LOSS: 7.435155749320984, BEST F1: 0.5226341123551753
EPOCH: 74, TRAIN LOSS: 7.745110064744949, BEST F1: 0.5226341123551753
EPOCH: 75, TRAIN LOSS: 7.378478616476059, BEST F1: 0.5226341123551753
EPOCH: 76, TRAIN LOSS: 7.3784672021865845, BEST F1: 0.5226341123551753
EPOCH: 77, TRAIN LOSS: 7.449295103549957, BEST F1: 0.5226341123551753
EPOCH: 78, TRAIN LOSS: 7.340239346027374, BEST F1: 0.5226341123551753
EPOCH: 79, TRAIN LOSS: 7.194036453962326, BEST F1: 0.5226341123551753
EPOCH: 80, TRAIN LOSS: 6.677128449082375, BEST F1: 0.5226341123551753
EPOCH: 81, TRAIN LOSS: 7.203769996762276, BEST F1: 0.5226341123551753
EPOCH: 82, TRAIN LOSS: 6.655653685331345, BEST F1: 0.5226341123551753
EPOCH: 83, TRAIN LOSS: 6.3745923191308975, BEST F1: 0.5226341123551753
EPOCH: 84, TRAIN LOSS: 6.466200619935989, BEST F1: 0.5226341123551753
EPOCH: 85, TRAIN LOSS: 6.572633907198906, BEST F1: 0.5226341123551753
EPOCH: 86, TRAIN LOSS: 6.299700811505318, BEST F1: 0.5241731090712678
EPOCH: 87, TRAIN LOSS: 6.06465919315815, BEST F1: 0.5241731090712678
EPOCH: 88, TRAIN LOSS: 6.451721057295799, BEST F1: 0.5241731090712678
EPOCH: 89, TRAIN LOSS: 6.428830862045288, BEST F1: 0.5241731090712678
EPOCH: 90, TRAIN LOSS: 7.245887741446495, BEST F1: 0.5264898224059562
EPOCH: 91, TRAIN LOSS: 6.24751615524292, BEST F1: 0.5264898224059562
EPOCH: 92, TRAIN LOSS: 5.7466041296720505, BEST F1: 0.5264898224059562
EPOCH: 93, TRAIN LOSS: 5.553383633494377, BEST F1: 0.5264898224059562
EPOCH: 94, TRAIN LOSS: 5.643677815794945, BEST F1: 0.5265824368109515
EPOCH: 95, TRAIN LOSS: 5.42755101621151, BEST F1: 0.5265824368109515
EPOCH: 96, TRAIN LOSS: 5.334426611661911, BEST F1: 0.5265824368109515
EPOCH: 97, TRAIN LOSS: 5.633330166339874, BEST F1: 0.5265824368109515
EPOCH: 98, TRAIN LOSS: 5.476656794548035, BEST F1: 0.5265824368109515
EPOCH: 99, TRAIN LOSS: 4.89587564766407, BEST F1: 0.5265824368109515
EPOCH: 100, TRAIN LOSS: 5.107692077755928, BEST F1: 0.5265824368109515
EPOCH: 101, TRAIN LOSS: 4.88489443063736, BEST F1: 0.5265824368109515
EPOCH: 102, TRAIN LOSS: 5.586674064397812, BEST F1: 0.531493514268609
EPOCH: 103, TRAIN LOSS: 5.3653407990932465, BEST F1: 0.531493514268609
EPOCH: 104, TRAIN LOSS: 5.580337464809418, BEST F1: 0.531493514268609
EPOCH: 105, TRAIN LOSS: 5.333629906177521, BEST F1: 0.531493514268609
EPOCH: 106, TRAIN LOSS: 4.629656970500946, BEST F1: 0.531493514268609
EPOCH: 107, TRAIN LOSS: 4.529444396495819, BEST F1: 0.531493514268609
EPOCH: 108, TRAIN LOSS: 4.275201544165611, BEST F1: 0.531493514268609
EPOCH: 109, TRAIN LOSS: 4.540007650852203, BEST F1: 0.531493514268609
EPOCH: 110, TRAIN LOSS: 4.7492756098508835, BEST F1: 0.531493514268609
EPOCH: 111, TRAIN LOSS: 4.5439102947711945, BEST F1: 0.531493514268609
EPOCH: 112, TRAIN LOSS: 4.644556984305382, BEST F1: 0.531493514268609
EPOCH: 113, TRAIN LOSS: 4.291370019316673, BEST F1: 0.531493514268609
EPOCH: 114, TRAIN LOSS: 4.186996817588806, BEST F1: 0.5367576114922813
EPOCH: 115, TRAIN LOSS: 3.865278735756874, BEST F1: 0.5367576114922813
EPOCH: 116, TRAIN LOSS: 3.89643993973732, BEST F1: 0.5367576114922813
EPOCH: 117, TRAIN LOSS: 4.030311465263367, BEST F1: 0.5367576114922813
EPOCH: 118, TRAIN LOSS: 4.665559485554695, BEST F1: 0.5367576114922813
EPOCH: 119, TRAIN LOSS: 5.670435652136803, BEST F1: 0.5367576114922813
EPOCH: 120, TRAIN LOSS: 4.644658729434013, BEST F1: 0.5367576114922813
EPOCH: 121, TRAIN LOSS: 5.216185629367828, BEST F1: 0.5391713426347184
EPOCH: 122, TRAIN LOSS: 6.587603390216827, BEST F1: 0.5391713426347184
EPOCH: 123, TRAIN LOSS: 4.8026393204927444, BEST F1: 0.5391713426347184
EPOCH: 124, TRAIN LOSS: 4.013041213154793, BEST F1: 0.5391713426347184
EPOCH: 125, TRAIN LOSS: 3.549240216612816, BEST F1: 0.5391713426347184
EPOCH: 126, TRAIN LOSS: 3.5585707873106003, BEST F1: 0.5391713426347184
EPOCH: 127, TRAIN LOSS: 3.41888514906168, BEST F1: 0.5391713426347184
EPOCH: 128, TRAIN LOSS: 3.745394080877304, BEST F1: 0.5391713426347184
EPOCH: 129, TRAIN LOSS: 4.076273277401924, BEST F1: 0.5391713426347184
EPOCH: 130, TRAIN LOSS: 3.4091434478759766, BEST F1: 0.5391713426347184
EPOCH: 131, TRAIN LOSS: 3.3732680901885033, BEST F1: 0.5391713426347184
EPOCH: 132, TRAIN LOSS: 3.428408570587635, BEST F1: 0.5391713426347184
EPOCH: 133, TRAIN LOSS: 5.161935478448868, BEST F1: 0.5391713426347184
EPOCH: 134, TRAIN LOSS: 3.8144181594252586, BEST F1: 0.5391713426347184
EPOCH: 135, TRAIN LOSS: 3.272596538066864, BEST F1: 0.5391713426347184
EPOCH: 136, TRAIN LOSS: 2.894422084093094, BEST F1: 0.5391713426347184
EPOCH: 137, TRAIN LOSS: 2.8069768473505974, BEST F1: 0.5391713426347184
EPOCH: 138, TRAIN LOSS: 2.8026761785149574, BEST F1: 0.5391713426347184
EPOCH: 139, TRAIN LOSS: 2.8424673601984978, BEST F1: 0.5391713426347184
EPOCH: 140, TRAIN LOSS: 2.7665722966194153, BEST F1: 0.5391713426347184
EPOCH: 141, TRAIN LOSS: 2.7465120777487755, BEST F1: 0.5391713426347184
EPOCH: 142, TRAIN LOSS: 2.7724294662475586, BEST F1: 0.5391713426347184
EPOCH: 143, TRAIN LOSS: 3.004356488585472, BEST F1: 0.5391713426347184
EPOCH: 144, TRAIN LOSS: 4.61779610812664, BEST F1: 0.5391713426347184
EPOCH: 145, TRAIN LOSS: 4.027706488966942, BEST F1: 0.5391713426347184
EPOCH: 146, TRAIN LOSS: 3.3741329833865166, BEST F1: 0.5391713426347184
EPOCH: 147, TRAIN LOSS: 2.945722132921219, BEST F1: 0.5391713426347184
EPOCH: 148, TRAIN LOSS: 2.8800541386008263, BEST F1: 0.5391713426347184
EPOCH: 149, TRAIN LOSS: 2.8198959678411484, BEST F1: 0.5391713426347184
EPOCH: 150, TRAIN LOSS: 2.846167676150799, BEST F1: 0.5391713426347184
EPOCH: 151, TRAIN LOSS: 2.8952381908893585, BEST F1: 0.5391713426347184
EPOCH: 152, TRAIN LOSS: 2.940279632806778, BEST F1: 0.5391713426347184
EPOCH: 153, TRAIN LOSS: 2.8661072105169296, BEST F1: 0.5391713426347184
EPOCH: 154, TRAIN LOSS: 2.7921480983495712, BEST F1: 0.5391713426347184
EPOCH: 155, TRAIN LOSS: 3.0399488657712936, BEST F1: 0.5391713426347184
EPOCH: 156, TRAIN LOSS: 3.1661574617028236, BEST F1: 0.5391713426347184
EPOCH: 157, TRAIN LOSS: 3.3500151932239532, BEST F1: 0.5391713426347184
EPOCH: 158, TRAIN LOSS: 3.397428758442402, BEST F1: 0.5391713426347184
EPOCH: 159, TRAIN LOSS: 3.08810705691576, BEST F1: 0.5391713426347184
EPOCH: 160, TRAIN LOSS: 3.220877669751644, BEST F1: 0.5391713426347184
EPOCH: 161, TRAIN LOSS: 4.403220675885677, BEST F1: 0.5391713426347184
EPOCH: 162, TRAIN LOSS: 4.217559941112995, BEST F1: 0.5391713426347184
EPOCH: 163, TRAIN LOSS: 3.407303422689438, BEST F1: 0.5391713426347184
EPOCH: 164, TRAIN LOSS: 3.1011702865362167, BEST F1: 0.5391713426347184
EPOCH: 165, TRAIN LOSS: 2.7637241929769516, BEST F1: 0.5391713426347184
EPOCH: 166, TRAIN LOSS: 2.278684377670288, BEST F1: 0.5391713426347184
EPOCH: 167, TRAIN LOSS: 2.133998040109873, BEST F1: 0.5391713426347184
EPOCH: 168, TRAIN LOSS: 2.1832415387034416, BEST F1: 0.5391713426347184
EPOCH: 169, TRAIN LOSS: 2.1031539291143417, BEST F1: 0.5391713426347184
EPOCH: 170, TRAIN LOSS: 2.086109735071659, BEST F1: 0.5391713426347184
EPOCH: 171, TRAIN LOSS: 2.1996950060129166, BEST F1: 0.5391713426347184
EPOCH: 172, TRAIN LOSS: 2.1438421681523323, BEST F1: 0.5391713426347184
EPOCH: 173, TRAIN LOSS: 2.4179517701268196, BEST F1: 0.5391713426347184
EPOCH: 174, TRAIN LOSS: 2.4061267152428627, BEST F1: 0.5391713426347184
EPOCH: 175, TRAIN LOSS: 2.950425937771797, BEST F1: 0.5391713426347184
EPOCH: 176, TRAIN LOSS: 2.4843384698033333, BEST F1: 0.5391713426347184
EPOCH: 177, TRAIN LOSS: 6.998393476009369, BEST F1: 0.5391713426347184
EPOCH: 178, TRAIN LOSS: 4.383826240897179, BEST F1: 0.5391713426347184
EPOCH: 179, TRAIN LOSS: 2.7945463210344315, BEST F1: 0.5391713426347184
EPOCH: 180, TRAIN LOSS: 2.2917968928813934, BEST F1: 0.5391713426347184
EPOCH: 181, TRAIN LOSS: 2.1049018912017345, BEST F1: 0.5391713426347184
EPOCH: 182, TRAIN LOSS: 1.9291775040328503, BEST F1: 0.5391713426347184
EPOCH: 183, TRAIN LOSS: 1.8390314914286137, BEST F1: 0.5391713426347184
EPOCH: 184, TRAIN LOSS: 1.7116000093519688, BEST F1: 0.5391713426347184
EPOCH: 185, TRAIN LOSS: 1.6737171225249767, BEST F1: 0.5391713426347184
EPOCH: 186, TRAIN LOSS: 1.6439553126692772, BEST F1: 0.5391713426347184
EPOCH: 187, TRAIN LOSS: 1.6833679899573326, BEST F1: 0.5391713426347184
EPOCH: 188, TRAIN LOSS: 1.6122858114540577, BEST F1: 0.5391713426347184
EPOCH: 189, TRAIN LOSS: 1.6257460415363312, BEST F1: 0.5391713426347184
EPOCH: 190, TRAIN LOSS: 1.60847644880414, BEST F1: 0.5391713426347184
EPOCH: 191, TRAIN LOSS: 1.5836414657533169, BEST F1: 0.5391713426347184
EPOCH: 192, TRAIN LOSS: 2.1502074226737022, BEST F1: 0.5391713426347184
EPOCH: 193, TRAIN LOSS: 2.6681513637304306, BEST F1: 0.5391713426347184
EPOCH: 194, TRAIN LOSS: 3.308770291507244, BEST F1: 0.5391713426347184
EPOCH: 195, TRAIN LOSS: 2.7679327949881554, BEST F1: 0.5391713426347184
EPOCH: 196, TRAIN LOSS: 3.581709787249565, BEST F1: 0.5391713426347184
EPOCH: 197, TRAIN LOSS: 3.402394212782383, BEST F1: 0.5391713426347184
EPOCH: 198, TRAIN LOSS: 3.5170334726572037, BEST F1: 0.5391713426347184
EPOCH: 199, TRAIN LOSS: 3.8321698158979416, BEST F1: 0.5391713426347184
EPOCH: 200, TRAIN LOSS: 3.833100765943527, BEST F1: 0.5391713426347184
EPOCH: 201, TRAIN LOSS: 3.046846881508827, BEST F1: 0.5391713426347184
EPOCH: 202, TRAIN LOSS: 2.341879293322563, BEST F1: 0.5391713426347184
EPOCH: 203, TRAIN LOSS: 2.162311166524887, BEST F1: 0.5391713426347184
EPOCH: 204, TRAIN LOSS: 1.768018614500761, BEST F1: 0.5391713426347184
EPOCH: 205, TRAIN LOSS: 1.6813025325536728, BEST F1: 0.5391713426347184
EPOCH: 206, TRAIN LOSS: 1.6374081745743752, BEST F1: 0.5391713426347184
EPOCH: 207, TRAIN LOSS: 1.5811451971530914, BEST F1: 0.5391713426347184
EPOCH: 208, TRAIN LOSS: 1.6096958592534065, BEST F1: 0.5391713426347184
EPOCH: 209, TRAIN LOSS: 1.6384858265519142, BEST F1: 0.5391713426347184
EPOCH: 210, TRAIN LOSS: 1.5525505095720291, BEST F1: 0.5391713426347184
EPOCH: 211, TRAIN LOSS: 1.4373898096382618, BEST F1: 0.5391713426347184
EPOCH: 212, TRAIN LOSS: 1.4585117474198341, BEST F1: 0.5391713426347184
EPOCH: 213, TRAIN LOSS: 1.7260161601006985, BEST F1: 0.5391713426347184
EPOCH: 214, TRAIN LOSS: 1.901234496384859, BEST F1: 0.5391713426347184
EPOCH: 215, TRAIN LOSS: 4.288184747099876, BEST F1: 0.5391713426347184
EPOCH: 216, TRAIN LOSS: 4.479307562112808, BEST F1: 0.5391713426347184
EPOCH: 217, TRAIN LOSS: 3.347743071615696, BEST F1: 0.5391713426347184
EPOCH: 218, TRAIN LOSS: 2.914543017745018, BEST F1: 0.5391713426347184
EPOCH: 219, TRAIN LOSS: 3.3297807574272156, BEST F1: 0.5391713426347184
EPOCH: 220, TRAIN LOSS: 5.50958801060915, BEST F1: 0.5391713426347184
EPOCH: 221, TRAIN LOSS: 3.9122997894883156, BEST F1: 0.5391713426347184
EPOCH: 222, TRAIN LOSS: 2.6209811493754387, BEST F1: 0.5391713426347184
EPOCH: 223, TRAIN LOSS: 1.9263439290225506, BEST F1: 0.5391713426347184
EPOCH: 224, TRAIN LOSS: 1.6460075825452805, BEST F1: 0.5391713426347184
EPOCH: 225, TRAIN LOSS: 1.5230950452387333, BEST F1: 0.5391713426347184
EPOCH: 226, TRAIN LOSS: 1.5192164108157158, BEST F1: 0.5430957867868178
EPOCH: 227, TRAIN LOSS: 1.3667019568383694, BEST F1: 0.5430957867868178
EPOCH: 228, TRAIN LOSS: 1.2995430640876293, BEST F1: 0.5430957867868178
EPOCH: 229, TRAIN LOSS: 1.3276720307767391, BEST F1: 0.5430957867868178
EPOCH: 230, TRAIN LOSS: 1.3430204205214977, BEST F1: 0.5430957867868178
EPOCH: 231, TRAIN LOSS: 1.2596040144562721, BEST F1: 0.5430957867868178
EPOCH: 232, TRAIN LOSS: 1.2242099419236183, BEST F1: 0.5430957867868178
EPOCH: 233, TRAIN LOSS: 1.2731564454734325, BEST F1: 0.5430957867868178
EPOCH: 234, TRAIN LOSS: 1.35995589569211, BEST F1: 0.5430957867868178
EPOCH: 235, TRAIN LOSS: 1.3590480275452137, BEST F1: 0.5430957867868178
EPOCH: 236, TRAIN LOSS: 1.2748813182115555, BEST F1: 0.5430957867868178
EPOCH: 237, TRAIN LOSS: 1.40107773989439, BEST F1: 0.5430957867868178
EPOCH: 238, TRAIN LOSS: 1.3868352100253105, BEST F1: 0.5430957867868178
EPOCH: 239, TRAIN LOSS: 1.3521406687796116, BEST F1: 0.5430957867868178
EPOCH: 240, TRAIN LOSS: 1.3933103568851948, BEST F1: 0.5430957867868178
EPOCH: 241, TRAIN LOSS: 1.5177824683487415, BEST F1: 0.5430957867868178
EPOCH: 242, TRAIN LOSS: 1.4962692521512508, BEST F1: 0.5430957867868178
EPOCH: 243, TRAIN LOSS: 3.4619747065007687, BEST F1: 0.5430957867868178
EPOCH: 244, TRAIN LOSS: 5.929138690233231, BEST F1: 0.5430957867868178
EPOCH: 245, TRAIN LOSS: 4.821474716067314, BEST F1: 0.5430957867868178
EPOCH: 246, TRAIN LOSS: 3.5347713604569435, BEST F1: 0.5430957867868178
EPOCH: 247, TRAIN LOSS: 2.693231090903282, BEST F1: 0.5430957867868178
EPOCH: 248, TRAIN LOSS: 1.9765352755784988, BEST F1: 0.5430957867868178
EPOCH: 249, TRAIN LOSS: 1.557498674839735, BEST F1: 0.5430957867868178
EPOCH: 250, TRAIN LOSS: 1.3287496026605368, BEST F1: 0.5430957867868178
EPOCH: 251, TRAIN LOSS: 1.3001682087779045, BEST F1: 0.5430957867868178
EPOCH: 252, TRAIN LOSS: 1.2075056098401546, BEST F1: 0.5430957867868178
EPOCH: 253, TRAIN LOSS: 1.19035317376256, BEST F1: 0.5430957867868178
EPOCH: 254, TRAIN LOSS: 1.2092710360884666, BEST F1: 0.5430957867868178
EPOCH: 255, TRAIN LOSS: 1.1841325387358665, BEST F1: 0.5430957867868178
EPOCH: 256, TRAIN LOSS: 1.1351330503821373, BEST F1: 0.5430957867868178
EPOCH: 257, TRAIN LOSS: 1.1029050536453724, BEST F1: 0.5430957867868178
EPOCH: 258, TRAIN LOSS: 1.1654426474124193, BEST F1: 0.5430957867868178
EPOCH: 259, TRAIN LOSS: 1.1092995405197144, BEST F1: 0.5430957867868178
EPOCH: 260, TRAIN LOSS: 1.118561701849103, BEST F1: 0.5430957867868178
EPOCH: 261, TRAIN LOSS: 1.3259072117507458, BEST F1: 0.5430957867868178
EPOCH: 262, TRAIN LOSS: 1.3374111577868462, BEST F1: 0.5430957867868178
EPOCH: 263, TRAIN LOSS: 1.1782664395868778, BEST F1: 0.5430957867868178
EPOCH: 264, TRAIN LOSS: 1.1292204149067402, BEST F1: 0.5430957867868178
EPOCH: 265, TRAIN LOSS: 1.0999990738928318, BEST F1: 0.5430957867868178
EPOCH: 266, TRAIN LOSS: 1.4336093328893185, BEST F1: 0.5430957867868178
EPOCH: 267, TRAIN LOSS: 1.9781284928321838, BEST F1: 0.5430957867868178
EPOCH: 268, TRAIN LOSS: 1.7987724021077156, BEST F1: 0.5430957867868178
EPOCH: 269, TRAIN LOSS: 3.4236774556338787, BEST F1: 0.5430957867868178
EPOCH: 270, TRAIN LOSS: 5.6711429208517075, BEST F1: 0.5430957867868178
EPOCH: 271, TRAIN LOSS: 5.955669477581978, BEST F1: 0.5430957867868178
EPOCH: 272, TRAIN LOSS: 3.3034093230962753, BEST F1: 0.5430957867868178
EPOCH: 273, TRAIN LOSS: 2.2383159175515175, BEST F1: 0.5430957867868178
EPOCH: 274, TRAIN LOSS: 1.7070352397859097, BEST F1: 0.5430957867868178
EPOCH: 275, TRAIN LOSS: 1.4198772720992565, BEST F1: 0.5430957867868178
EPOCH: 276, TRAIN LOSS: 1.3400395847856998, BEST F1: 0.5430957867868178
EPOCH: 277, TRAIN LOSS: 1.2351367250084877, BEST F1: 0.5430957867868178
EPOCH: 278, TRAIN LOSS: 1.1774468291550875, BEST F1: 0.5430957867868178
EPOCH: 279, TRAIN LOSS: 1.1077630128711462, BEST F1: 0.5430957867868178
EPOCH: 280, TRAIN LOSS: 1.0764438100159168, BEST F1: 0.5430957867868178
EPOCH: 281, TRAIN LOSS: 1.007801229134202, BEST F1: 0.5430957867868178
EPOCH: 282, TRAIN LOSS: 1.1886210441589355, BEST F1: 0.5430957867868178
EPOCH: 283, TRAIN LOSS: 1.3050889782607555, BEST F1: 0.5430957867868178
EPOCH: 284, TRAIN LOSS: 1.1879865787923336, BEST F1: 0.5430957867868178
EPOCH: 285, TRAIN LOSS: 1.2442351877689362, BEST F1: 0.5430957867868178
EPOCH: 286, TRAIN LOSS: 1.3106638379395008, BEST F1: 0.5430957867868178
EPOCH: 287, TRAIN LOSS: 1.7126951403915882, BEST F1: 0.5430957867868178
EPOCH: 288, TRAIN LOSS: 3.213605534285307, BEST F1: 0.5430957867868178
EPOCH: 289, TRAIN LOSS: 6.968711033463478, BEST F1: 0.5430957867868178
EPOCH: 290, TRAIN LOSS: 4.259413696825504, BEST F1: 0.5430957867868178
EPOCH: 291, TRAIN LOSS: 2.631975807249546, BEST F1: 0.5430957867868178
EPOCH: 292, TRAIN LOSS: 1.8688113428652287, BEST F1: 0.5430957867868178
EPOCH: 293, TRAIN LOSS: 1.6081930547952652, BEST F1: 0.5430957867868178
EPOCH: 294, TRAIN LOSS: 1.434829380363226, BEST F1: 0.5430957867868178
EPOCH: 295, TRAIN LOSS: 1.3500834479928017, BEST F1: 0.5430957867868178
EPOCH: 296, TRAIN LOSS: 1.1924030743539333, BEST F1: 0.5430957867868178
EPOCH: 297, TRAIN LOSS: 1.2810311876237392, BEST F1: 0.5430957867868178
EPOCH: 298, TRAIN LOSS: 1.065599013119936, BEST F1: 0.5430957867868178
EPOCH: 299, TRAIN LOSS: 1.0252412669360638, BEST F1: 0.5430957867868178
EPOCH: 300, TRAIN LOSS: 1.1981708277016878, BEST F1: 0.5430957867868178
EPOCH: 301, TRAIN LOSS: 1.0673349685966969, BEST F1: 0.5430957867868178
EPOCH: 302, TRAIN LOSS: 1.1425853706896305, BEST F1: 0.5430957867868178
EPOCH: 303, TRAIN LOSS: 1.0689306650310755, BEST F1: 0.5430957867868178
EPOCH: 304, TRAIN LOSS: 0.9747926909476519, BEST F1: 0.5430957867868178
EPOCH: 305, TRAIN LOSS: 1.0074711125344038, BEST F1: 0.5430957867868178
EPOCH: 306, TRAIN LOSS: 1.0897643975913525, BEST F1: 0.5430957867868178
EPOCH: 307, TRAIN LOSS: 1.0792030151933432, BEST F1: 0.5430957867868178
EPOCH: 308, TRAIN LOSS: 0.9752288199961185, BEST F1: 0.5430957867868178
EPOCH: 309, TRAIN LOSS: 1.0093783736228943, BEST F1: 0.5430957867868178
EPOCH: 310, TRAIN LOSS: 1.0233358051627874, BEST F1: 0.5430957867868178
EPOCH: 311, TRAIN LOSS: 0.9544067550450563, BEST F1: 0.5430957867868178
EPOCH: 312, TRAIN LOSS: 0.9444929268211126, BEST F1: 0.5430957867868178
EPOCH: 313, TRAIN LOSS: 1.0061765182763338, BEST F1: 0.5430957867868178
EPOCH: 314, TRAIN LOSS: 1.022725211456418, BEST F1: 0.5430957867868178
EPOCH: 315, TRAIN LOSS: 1.1239899396896362, BEST F1: 0.5430957867868178
EPOCH: 316, TRAIN LOSS: 1.1136424392461777, BEST F1: 0.5430957867868178
EPOCH: 317, TRAIN LOSS: 1.2029546722769737, BEST F1: 0.5430957867868178
EPOCH: 318, TRAIN LOSS: 2.313311044126749, BEST F1: 0.5430957867868178
EPOCH: 319, TRAIN LOSS: 7.238305479288101, BEST F1: 0.5430957867868178
EPOCH: 320, TRAIN LOSS: 5.664780899882317, BEST F1: 0.5430957867868178
EPOCH: 321, TRAIN LOSS: 4.406560257077217, BEST F1: 0.5430957867868178
EPOCH: 322, TRAIN LOSS: 3.240210436284542, BEST F1: 0.5430957867868178
EPOCH: 323, TRAIN LOSS: 1.9593340419232845, BEST F1: 0.5430957867868178
EPOCH: 324, TRAIN LOSS: 1.5305086486041546, BEST F1: 0.5430957867868178
EPOCH: 325, TRAIN LOSS: 1.2206836100667715, BEST F1: 0.5430957867868178
EPOCH: 326, TRAIN LOSS: 1.0689215324819088, BEST F1: 0.5430957867868178
EPOCH: 327, TRAIN LOSS: 1.0157828889787197, BEST F1: 0.5430957867868178
EPOCH: 328, TRAIN LOSS: 0.9965226054191589, BEST F1: 0.5430957867868178
EPOCH: 329, TRAIN LOSS: 1.0391700454056263, BEST F1: 0.5430957867868178
EPOCH: 330, TRAIN LOSS: 1.3334351852536201, BEST F1: 0.5430957867868178
EPOCH: 331, TRAIN LOSS: 1.2446458265185356, BEST F1: 0.5430957867868178
EPOCH: 332, TRAIN LOSS: 1.1277695633471012, BEST F1: 0.5430957867868178
EPOCH: 333, TRAIN LOSS: 1.0785853993147612, BEST F1: 0.5430957867868178
EPOCH: 334, TRAIN LOSS: 1.0037710256874561, BEST F1: 0.5430957867868178
EPOCH: 335, TRAIN LOSS: 0.958705959841609, BEST F1: 0.5430957867868178
EPOCH: 336, TRAIN LOSS: 1.0132969673722982, BEST F1: 0.5430957867868178
EPOCH: 337, TRAIN LOSS: 0.9900449253618717, BEST F1: 0.5430957867868178
EPOCH: 338, TRAIN LOSS: 0.9233399294316769, BEST F1: 0.5430957867868178
EPOCH: 339, TRAIN LOSS: 0.9501187223941088, BEST F1: 0.5430957867868178
EPOCH: 340, TRAIN LOSS: 1.0644801519811153, BEST F1: 0.5430957867868178
EPOCH: 341, TRAIN LOSS: 1.1103455517441034, BEST F1: 0.5430957867868178
EPOCH: 342, TRAIN LOSS: 1.0715521834790707, BEST F1: 0.5430957867868178
EPOCH: 343, TRAIN LOSS: 1.230825923383236, BEST F1: 0.5430957867868178
EPOCH: 344, TRAIN LOSS: 1.169200325384736, BEST F1: 0.5430957867868178
EPOCH: 345, TRAIN LOSS: 1.2687124200165272, BEST F1: 0.5430957867868178
EPOCH: 346, TRAIN LOSS: 1.370798021554947, BEST F1: 0.5430957867868178
EPOCH: 347, TRAIN LOSS: 1.7139434814453125, BEST F1: 0.5430957867868178
EPOCH: 348, TRAIN LOSS: 3.5624030381441116, BEST F1: 0.5430957867868178
EPOCH: 349, TRAIN LOSS: 3.5995074808597565, BEST F1: 0.5430957867868178
EPOCH: 350, TRAIN LOSS: 4.21523942053318, BEST F1: 0.5430957867868178
EPOCH: 351, TRAIN LOSS: 3.2680730000138283, BEST F1: 0.5430957867868178
EPOCH: 352, TRAIN LOSS: 2.3779478073120117, BEST F1: 0.5430957867868178
EPOCH: 353, TRAIN LOSS: 1.763426374644041, BEST F1: 0.5430957867868178
EPOCH: 354, TRAIN LOSS: 1.4520144574344158, BEST F1: 0.5430957867868178
EPOCH: 355, TRAIN LOSS: 1.3908705934882164, BEST F1: 0.5430957867868178
EPOCH: 356, TRAIN LOSS: 1.567496508359909, BEST F1: 0.5430957867868178
EPOCH: 357, TRAIN LOSS: 1.193062201142311, BEST F1: 0.5430957867868178
EPOCH: 358, TRAIN LOSS: 1.115773944184184, BEST F1: 0.5430957867868178
EPOCH: 359, TRAIN LOSS: 1.1645894590765238, BEST F1: 0.5430957867868178
EPOCH: 360, TRAIN LOSS: 1.168406082317233, BEST F1: 0.5430957867868178
EPOCH: 361, TRAIN LOSS: 1.1309171244502068, BEST F1: 0.5430957867868178
EPOCH: 362, TRAIN LOSS: 0.9372335337102413, BEST F1: 0.5430957867868178
EPOCH: 363, TRAIN LOSS: 0.8868633974343538, BEST F1: 0.5430957867868178
EPOCH: 364, TRAIN LOSS: 0.9284363500773907, BEST F1: 0.5430957867868178
EPOCH: 365, TRAIN LOSS: 0.9315264411270618, BEST F1: 0.5430957867868178
EPOCH: 366, TRAIN LOSS: 0.8551988527178764, BEST F1: 0.5430957867868178
EPOCH: 367, TRAIN LOSS: 0.8353675007820129, BEST F1: 0.5430957867868178
EPOCH: 368, TRAIN LOSS: 0.8240476120263338, BEST F1: 0.5430957867868178
EPOCH: 369, TRAIN LOSS: 0.961036030203104, BEST F1: 0.5430957867868178
EPOCH: 370, TRAIN LOSS: 1.0192015934735537, BEST F1: 0.5430957867868178
EPOCH: 371, TRAIN LOSS: 0.9679474197328091, BEST F1: 0.5430957867868178
EPOCH: 372, TRAIN LOSS: 1.0508429631590843, BEST F1: 0.5430957867868178
EPOCH: 373, TRAIN LOSS: 1.344830721616745, BEST F1: 0.5430957867868178
EPOCH: 374, TRAIN LOSS: 2.549853101372719, BEST F1: 0.5430957867868178
EPOCH: 375, TRAIN LOSS: 5.605069398880005, BEST F1: 0.5430957867868178
EPOCH: 376, TRAIN LOSS: 3.891058512032032, BEST F1: 0.5430957867868178
EPOCH: 377, TRAIN LOSS: 2.887144908308983, BEST F1: 0.5430957867868178
EPOCH: 378, TRAIN LOSS: 2.190247692167759, BEST F1: 0.5430957867868178
EPOCH: 379, TRAIN LOSS: 3.06087876111269, BEST F1: 0.5430957867868178
EPOCH: 380, TRAIN LOSS: 3.057253286242485, BEST F1: 0.5430957867868178
EPOCH: 381, TRAIN LOSS: 1.7282409332692623, BEST F1: 0.5430957867868178
EPOCH: 382, TRAIN LOSS: 1.3015627339482307, BEST F1: 0.5430957867868178
EPOCH: 383, TRAIN LOSS: 1.080021908506751, BEST F1: 0.5436288774259213
EPOCH: 384, TRAIN LOSS: 0.984138885512948, BEST F1: 0.5436288774259213
EPOCH: 385, TRAIN LOSS: 0.9412794802337885, BEST F1: 0.5436288774259213
EPOCH: 386, TRAIN LOSS: 0.9155109394341707, BEST F1: 0.5436288774259213
EPOCH: 387, TRAIN LOSS: 0.8699931669980288, BEST F1: 0.5436288774259213
EPOCH: 388, TRAIN LOSS: 0.8444341123104095, BEST F1: 0.5436288774259213
EPOCH: 389, TRAIN LOSS: 0.8427089545875788, BEST F1: 0.5436288774259213
EPOCH: 390, TRAIN LOSS: 0.8330496586859226, BEST F1: 0.5436288774259213
EPOCH: 391, TRAIN LOSS: 0.8379276841878891, BEST F1: 0.5436288774259213
EPOCH: 392, TRAIN LOSS: 0.8222900480031967, BEST F1: 0.5436288774259213
EPOCH: 393, TRAIN LOSS: 0.8837962094694376, BEST F1: 0.5436288774259213
EPOCH: 394, TRAIN LOSS: 0.879787577316165, BEST F1: 0.5436288774259213
EPOCH: 395, TRAIN LOSS: 0.8613363541662693, BEST F1: 0.5436288774259213
EPOCH: 396, TRAIN LOSS: 0.9382772967219353, BEST F1: 0.5436288774259213
EPOCH: 397, TRAIN LOSS: 0.8802773095667362, BEST F1: 0.5436288774259213
EPOCH: 398, TRAIN LOSS: 0.9186103213578463, BEST F1: 0.5436288774259213
EPOCH: 399, TRAIN LOSS: 0.8724111150950193, BEST F1: 0.5436288774259213
EPOCH: 400, TRAIN LOSS: 0.881003100425005, BEST F1: 0.5436288774259213
EPOCH: 401, TRAIN LOSS: 0.8867790792137384, BEST F1: 0.5436288774259213
EPOCH: 402, TRAIN LOSS: 0.8959589470177889, BEST F1: 0.5436288774259213
EPOCH: 403, TRAIN LOSS: 0.8504844196140766, BEST F1: 0.5436288774259213
EPOCH: 404, TRAIN LOSS: 1.0072329062968493, BEST F1: 0.5436288774259213
EPOCH: 405, TRAIN LOSS: 0.9603360891342163, BEST F1: 0.5436288774259213
EPOCH: 406, TRAIN LOSS: 0.9696512203663588, BEST F1: 0.5436288774259213
EPOCH: 407, TRAIN LOSS: 0.960407380014658, BEST F1: 0.5436288774259213
EPOCH: 408, TRAIN LOSS: 0.9281977489590645, BEST F1: 0.5436288774259213
EPOCH: 409, TRAIN LOSS: 2.0923821814358234, BEST F1: 0.5436288774259213
EPOCH: 410, TRAIN LOSS: 4.017169073224068, BEST F1: 0.5436288774259213
EPOCH: 411, TRAIN LOSS: 4.290365308523178, BEST F1: 0.5436288774259213
EPOCH: 412, TRAIN LOSS: 4.545927882194519, BEST F1: 0.5436288774259213
EPOCH: 413, TRAIN LOSS: 3.32322059571743, BEST F1: 0.5436288774259213
EPOCH: 414, TRAIN LOSS: 1.7572419047355652, BEST F1: 0.5436288774259213
EPOCH: 415, TRAIN LOSS: 1.5191778242588043, BEST F1: 0.5436288774259213
EPOCH: 416, TRAIN LOSS: 1.1829243190586567, BEST F1: 0.5436288774259213
EPOCH: 417, TRAIN LOSS: 0.9455121345818043, BEST F1: 0.5436288774259213
EPOCH: 418, TRAIN LOSS: 0.8560626246035099, BEST F1: 0.5436288774259213
EPOCH: 419, TRAIN LOSS: 0.7845167852938175, BEST F1: 0.5436288774259213
EPOCH: 420, TRAIN LOSS: 0.8652712907642126, BEST F1: 0.5436288774259213
EPOCH: 421, TRAIN LOSS: 0.8303811606019735, BEST F1: 0.5436288774259213
EPOCH: 422, TRAIN LOSS: 0.8748983386904001, BEST F1: 0.5436288774259213
EPOCH: 423, TRAIN LOSS: 0.9560559168457985, BEST F1: 0.5436288774259213
EPOCH: 424, TRAIN LOSS: 0.8737427666783333, BEST F1: 0.5436288774259213
EPOCH: 425, TRAIN LOSS: 0.9325312580913305, BEST F1: 0.5436288774259213
EPOCH: 426, TRAIN LOSS: 0.8970023542642593, BEST F1: 0.5436288774259213
EPOCH: 427, TRAIN LOSS: 0.9778986852616072, BEST F1: 0.5436288774259213
EPOCH: 428, TRAIN LOSS: 0.9940985161811113, BEST F1: 0.5436288774259213
EPOCH: 429, TRAIN LOSS: 0.9766685161739588, BEST F1: 0.5436288774259213
EPOCH: 430, TRAIN LOSS: 0.9302324615418911, BEST F1: 0.5436288774259213
EPOCH: 431, TRAIN LOSS: 1.002774938941002, BEST F1: 0.5436288774259213
EPOCH: 432, TRAIN LOSS: 1.1254204381257296, BEST F1: 0.5436288774259213
EPOCH: 433, TRAIN LOSS: 1.3346725329756737, BEST F1: 0.5436288774259213
EPOCH: 434, TRAIN LOSS: 3.177325639873743, BEST F1: 0.5436288774259213
EPOCH: 435, TRAIN LOSS: 5.0245852917432785, BEST F1: 0.5436288774259213
EPOCH: 436, TRAIN LOSS: 2.827693298459053, BEST F1: 0.5436288774259213
EPOCH: 437, TRAIN LOSS: 1.8714484982192516, BEST F1: 0.5436288774259213
EPOCH: 438, TRAIN LOSS: 1.3660599775612354, BEST F1: 0.5436288774259213
EPOCH: 439, TRAIN LOSS: 1.107869777828455, BEST F1: 0.5436288774259213
EPOCH: 440, TRAIN LOSS: 0.9752243347465992, BEST F1: 0.5436288774259213
EPOCH: 441, TRAIN LOSS: 0.9103277307003736, BEST F1: 0.5436288774259213
EPOCH: 442, TRAIN LOSS: 0.9790270924568176, BEST F1: 0.5436288774259213
EPOCH: 443, TRAIN LOSS: 0.9802817404270172, BEST F1: 0.5436288774259213
EPOCH: 444, TRAIN LOSS: 0.9094457235187292, BEST F1: 0.5436288774259213
EPOCH: 445, TRAIN LOSS: 0.8611101657152176, BEST F1: 0.5436288774259213
EPOCH: 446, TRAIN LOSS: 0.9091715812683105, BEST F1: 0.5436288774259213
EPOCH: 447, TRAIN LOSS: 0.813735717907548, BEST F1: 0.5436288774259213
EPOCH: 448, TRAIN LOSS: 0.8312085522338748, BEST F1: 0.5436288774259213
EPOCH: 449, TRAIN LOSS: 0.8774463143199682, BEST F1: 0.5436288774259213
EPOCH: 450, TRAIN LOSS: 0.8656682930886745, BEST F1: 0.5436288774259213
EPOCH: 451, TRAIN LOSS: 0.8513124380260706, BEST F1: 0.5436288774259213
EPOCH: 452, TRAIN LOSS: 0.8751382566988468, BEST F1: 0.5436288774259213
EPOCH: 453, TRAIN LOSS: 0.9042123854160309, BEST F1: 0.5436288774259213
EPOCH: 454, TRAIN LOSS: 0.8258717749267817, BEST F1: 0.5436288774259213
EPOCH: 455, TRAIN LOSS: 0.8269498813897371, BEST F1: 0.5436288774259213
EPOCH: 456, TRAIN LOSS: 0.8581880703568459, BEST F1: 0.5436288774259213
EPOCH: 457, TRAIN LOSS: 0.9845115374773741, BEST F1: 0.5436288774259213
EPOCH: 458, TRAIN LOSS: 1.023896161466837, BEST F1: 0.5436288774259213
EPOCH: 459, TRAIN LOSS: 1.2327372282743454, BEST F1: 0.5436288774259213
EPOCH: 460, TRAIN LOSS: 1.8104386739432812, BEST F1: 0.5436288774259213
EPOCH: 461, TRAIN LOSS: 7.3625030145049095, BEST F1: 0.5436288774259213
EPOCH: 462, TRAIN LOSS: 5.6257752031087875, BEST F1: 0.5436288774259213
EPOCH: 463, TRAIN LOSS: 2.866186670958996, BEST F1: 0.5436288774259213
EPOCH: 464, TRAIN LOSS: 1.899585910141468, BEST F1: 0.5436288774259213
EPOCH: 465, TRAIN LOSS: 1.4044181294739246, BEST F1: 0.5436288774259213
EPOCH: 466, TRAIN LOSS: 1.171827308833599, BEST F1: 0.5436288774259213
EPOCH: 467, TRAIN LOSS: 1.0254669319838285, BEST F1: 0.5436288774259213
EPOCH: 468, TRAIN LOSS: 0.8727961350232363, BEST F1: 0.5436288774259213
EPOCH: 469, TRAIN LOSS: 0.8281700070947409, BEST F1: 0.5436288774259213
EPOCH: 470, TRAIN LOSS: 0.7738259080797434, BEST F1: 0.5436288774259213
EPOCH: 471, TRAIN LOSS: 0.7611293457448483, BEST F1: 0.5436288774259213
EPOCH: 472, TRAIN LOSS: 0.7179685197770596, BEST F1: 0.5436288774259213
EPOCH: 473, TRAIN LOSS: 0.7369385519996285, BEST F1: 0.5436288774259213
EPOCH: 474, TRAIN LOSS: 0.7748547289520502, BEST F1: 0.5436288774259213
EPOCH: 475, TRAIN LOSS: 0.80555609613657, BEST F1: 0.5436288774259213
EPOCH: 476, TRAIN LOSS: 0.9491606242954731, BEST F1: 0.5436288774259213
EPOCH: 477, TRAIN LOSS: 0.8792350888252258, BEST F1: 0.5436288774259213
EPOCH: 478, TRAIN LOSS: 0.9601149279624224, BEST F1: 0.5436288774259213
EPOCH: 479, TRAIN LOSS: 1.0937426388263702, BEST F1: 0.5436288774259213
EPOCH: 480, TRAIN LOSS: 1.2148058786988258, BEST F1: 0.5436288774259213
EPOCH: 481, TRAIN LOSS: 1.4824276193976402, BEST F1: 0.5436288774259213
EPOCH: 482, TRAIN LOSS: 1.5970064587891102, BEST F1: 0.5436288774259213
EPOCH: 483, TRAIN LOSS: 1.4703182056546211, BEST F1: 0.5436288774259213
EPOCH: 484, TRAIN LOSS: 1.6398827508091927, BEST F1: 0.5436288774259213
EPOCH: 485, TRAIN LOSS: 1.42790662124753, BEST F1: 0.5436288774259213
EPOCH: 486, TRAIN LOSS: 1.3147040158510208, BEST F1: 0.5436288774259213
EPOCH: 487, TRAIN LOSS: 1.331744585186243, BEST F1: 0.5436288774259213
EPOCH: 488, TRAIN LOSS: 1.6866954918950796, BEST F1: 0.5436288774259213
EPOCH: 489, TRAIN LOSS: 1.9264597073197365, BEST F1: 0.5436288774259213
EPOCH: 490, TRAIN LOSS: 2.019309591501951, BEST F1: 0.5436288774259213
EPOCH: 491, TRAIN LOSS: 1.8370411582291126, BEST F1: 0.5436288774259213
EPOCH: 492, TRAIN LOSS: 1.4053039103746414, BEST F1: 0.5436288774259213
EPOCH: 493, TRAIN LOSS: 1.3532047979533672, BEST F1: 0.5436288774259213
EPOCH: 494, TRAIN LOSS: 1.3302444145083427, BEST F1: 0.5436288774259213
EPOCH: 495, TRAIN LOSS: 1.0990541391074657, BEST F1: 0.5436288774259213
EPOCH: 496, TRAIN LOSS: 1.1344997435808182, BEST F1: 0.5436288774259213
EPOCH: 497, TRAIN LOSS: 0.9429634790867567, BEST F1: 0.5436288774259213
EPOCH: 498, TRAIN LOSS: 0.9470190685242414, BEST F1: 0.5436288774259213
EPOCH: 499, TRAIN LOSS: 0.987728675827384, BEST F1: 0.5436288774259213
Now evaluating the model on the validation set and find the best thershold...
Best threshold:  0.66
Best F1-score:  0.5385321323092749
Best confusion matrix:
  [[4757  319]
 [ 376   59]]
Now evaluating the model on the whole training dataset...
Evaluating the model...
Precision:  0.810434372049103
Recall:  0.9933449074074074
MF1-score:  0.9413470105325137
Confusion matrix:
[[41213   803]
 [   23  3433]]
Now evaluating the model on the test set...
Evaluating the model...
Precision:  0.14366197183098592
Recall:  0.12408759124087591
MF1-score:  0.5330510543799206
Confusion matrix:
[[4619  304]
 [ 360   51]]